1759103142.048471 client started (25533): version 3.4, socket /tmp/tmux-1000/default, protocol 8
1759103142.048509 on Linux 6.6.87.2-microsoft-standard-WSL2 #1 SMP PREEMPT_DYNAMIC Thu Jun  5 18:30:46 UTC 2025
1759103142.048512 using libevent 2.1.12-stable poll
1759103142.048514 using ncurses 6.4 20240113
1759103142.048530 flags are 0x18010000
1759103142.048541 socket is /tmp/tmux-1000/default
1759103142.048552 trying connect
1759103142.048568 connect failed: No such file or directory
1759103142.048575 lock file is /tmp/tmux-1000/default.lock
1759103142.048593 flock succeeded
1759103142.048595 got lock (6)
1759103142.048600 trying connect
1759103142.048606 connect failed: No such file or directory
1759103142.048889 add peer 0x63fd32412db0: 8 ((nil))
1759103142.049207 sending message 100 to peer 0x63fd32412db0 (4 bytes)
1759103142.049210 sending message 111 to peer 0x63fd32412db0 (8 bytes)
1759103142.049212 sending message 101 to peer 0x63fd32412db0 (15 bytes)
1759103142.049214 sending message 109 to peer 0x63fd32412db0 (4 bytes)
1759103142.049216 sending message 102 to peer 0x63fd32412db0 (11 bytes)
1759103142.049218 sending message 108 to peer 0x63fd32412db0 (28 bytes)
1759103142.049220 sending message 112 to peer 0x63fd32412db0 (58 bytes)
1759103142.049221 sending message 112 to peer 0x63fd32412db0 (5 bytes)
1759103142.049223 sending message 112 to peer 0x63fd32412db0 (5 bytes)
1759103142.049225 sending message 112 to peer 0x63fd32412db0 (6 bytes)
1759103142.049227 sending message 112 to peer 0x63fd32412db0 (6 bytes)
1759103142.049228 sending message 112 to peer 0x63fd32412db0 (11 bytes)
1759103142.049230 sending message 112 to peer 0x63fd32412db0 (10 bytes)
1759103142.049232 sending message 112 to peer 0x63fd32412db0 (13 bytes)
1759103142.049234 sending message 112 to peer 0x63fd32412db0 (14 bytes)
1759103142.049235 sending message 112 to peer 0x63fd32412db0 (19 bytes)
1759103142.049237 sending message 112 to peer 0x63fd32412db0 (11 bytes)
1759103142.049239 sending message 112 to peer 0x63fd32412db0 (10 bytes)
1759103142.049240 sending message 112 to peer 0x63fd32412db0 (15 bytes)
1759103142.049242 sending message 112 to peer 0x63fd32412db0 (21 bytes)
1759103142.049244 sending message 112 to peer 0x63fd32412db0 (13 bytes)
1759103142.049246 sending message 112 to peer 0x63fd32412db0 (7 bytes)
1759103142.049247 sending message 112 to peer 0x63fd32412db0 (13 bytes)
1759103142.049249 sending message 112 to peer 0x63fd32412db0 (7 bytes)
1759103142.049251 sending message 112 to peer 0x63fd32412db0 (13 bytes)
1759103142.049252 sending message 112 to peer 0x63fd32412db0 (9 bytes)
1759103142.049254 sending message 112 to peer 0x63fd32412db0 (21 bytes)
1759103142.049256 sending message 112 to peer 0x63fd32412db0 (13 bytes)
1759103142.049258 sending message 112 to peer 0x63fd32412db0 (9 bytes)
1759103142.049259 sending message 112 to peer 0x63fd32412db0 (16 bytes)
1759103142.049261 sending message 112 to peer 0x63fd32412db0 (13 bytes)
1759103142.049263 sending message 112 to peer 0x63fd32412db0 (9 bytes)
1759103142.049264 sending message 112 to peer 0x63fd32412db0 (9 bytes)
1759103142.049266 sending message 112 to peer 0x63fd32412db0 (12 bytes)
1759103142.049268 sending message 112 to peer 0x63fd32412db0 (8 bytes)
1759103142.049270 sending message 112 to peer 0x63fd32412db0 (8 bytes)
1759103142.049271 sending message 112 to peer 0x63fd32412db0 (13 bytes)
1759103142.049273 sending message 112 to peer 0x63fd32412db0 (7 bytes)
1759103142.049275 sending message 112 to peer 0x63fd32412db0 (7 bytes)
1759103142.049276 sending message 112 to peer 0x63fd32412db0 (9 bytes)
1759103142.049278 sending message 112 to peer 0x63fd32412db0 (9 bytes)
1759103142.049280 sending message 112 to peer 0x63fd32412db0 (15 bytes)
1759103142.049282 sending message 112 to peer 0x63fd32412db0 (13 bytes)
1759103142.049284 sending message 112 to peer 0x63fd32412db0 (12 bytes)
1759103142.049285 sending message 112 to peer 0x63fd32412db0 (8 bytes)
1759103142.049287 sending message 112 to peer 0x63fd32412db0 (14 bytes)
1759103142.049289 sending message 112 to peer 0x63fd32412db0 (11 bytes)
1759103142.049296 sending message 112 to peer 0x63fd32412db0 (9 bytes)
1759103142.049298 sending message 112 to peer 0x63fd32412db0 (10 bytes)
1759103142.049300 sending message 112 to peer 0x63fd32412db0 (10 bytes)
1759103142.049302 sending message 112 to peer 0x63fd32412db0 (10 bytes)
1759103142.049304 sending message 112 to peer 0x63fd32412db0 (10 bytes)
1759103142.049305 sending message 112 to peer 0x63fd32412db0 (11 bytes)
1759103142.049307 sending message 112 to peer 0x63fd32412db0 (12 bytes)
1759103142.049309 sending message 112 to peer 0x63fd32412db0 (12 bytes)
1759103142.049311 sending message 112 to peer 0x63fd32412db0 (12 bytes)
1759103142.049312 sending message 112 to peer 0x63fd32412db0 (12 bytes)
1759103142.049314 sending message 112 to peer 0x63fd32412db0 (12 bytes)
1759103142.049316 sending message 112 to peer 0x63fd32412db0 (11 bytes)
1759103142.049318 sending message 112 to peer 0x63fd32412db0 (11 bytes)
1759103142.049319 sending message 112 to peer 0x63fd32412db0 (12 bytes)
1759103142.049321 sending message 112 to peer 0x63fd32412db0 (12 bytes)
1759103142.049323 sending message 112 to peer 0x63fd32412db0 (12 bytes)
1759103142.049325 sending message 112 to peer 0x63fd32412db0 (12 bytes)
1759103142.049326 sending message 112 to peer 0x63fd32412db0 (12 bytes)
1759103142.049328 sending message 112 to peer 0x63fd32412db0 (9 bytes)
1759103142.049330 sending message 112 to peer 0x63fd32412db0 (12 bytes)
1759103142.049332 sending message 112 to peer 0x63fd32412db0 (13 bytes)
1759103142.049333 sending message 112 to peer 0x63fd32412db0 (13 bytes)
1759103142.049335 sending message 112 to peer 0x63fd32412db0 (13 bytes)
1759103142.049337 sending message 112 to peer 0x63fd32412db0 (13 bytes)
1759103142.049338 sending message 112 to peer 0x63fd32412db0 (13 bytes)
1759103142.049340 sending message 112 to peer 0x63fd32412db0 (8 bytes)
1759103142.049342 sending message 112 to peer 0x63fd32412db0 (11 bytes)
1759103142.049344 sending message 112 to peer 0x63fd32412db0 (11 bytes)
1759103142.049345 sending message 112 to peer 0x63fd32412db0 (11 bytes)
1759103142.049347 sending message 112 to peer 0x63fd32412db0 (12 bytes)
1759103142.049349 sending message 112 to peer 0x63fd32412db0 (12 bytes)
1759103142.049351 sending message 112 to peer 0x63fd32412db0 (12 bytes)
1759103142.049352 sending message 112 to peer 0x63fd32412db0 (12 bytes)
1759103142.049354 sending message 112 to peer 0x63fd32412db0 (13 bytes)
1759103142.049356 sending message 112 to peer 0x63fd32412db0 (13 bytes)
1759103142.049358 sending message 112 to peer 0x63fd32412db0 (13 bytes)
1759103142.049359 sending message 112 to peer 0x63fd32412db0 (8 bytes)
1759103142.049361 sending message 112 to peer 0x63fd32412db0 (13 bytes)
1759103142.049363 sending message 112 to peer 0x63fd32412db0 (13 bytes)
1759103142.049364 sending message 112 to peer 0x63fd32412db0 (13 bytes)
1759103142.049366 sending message 112 to peer 0x63fd32412db0 (13 bytes)
1759103142.049368 sending message 112 to peer 0x63fd32412db0 (13 bytes)
1759103142.049370 sending message 112 to peer 0x63fd32412db0 (12 bytes)
1759103142.049371 sending message 112 to peer 0x63fd32412db0 (12 bytes)
1759103142.049373 sending message 112 to peer 0x63fd32412db0 (12 bytes)
1759103142.049375 sending message 112 to peer 0x63fd32412db0 (12 bytes)
1759103142.049376 sending message 112 to peer 0x63fd32412db0 (13 bytes)
1759103142.049378 sending message 112 to peer 0x63fd32412db0 (8 bytes)
1759103142.049380 sending message 112 to peer 0x63fd32412db0 (13 bytes)
1759103142.049382 sending message 112 to peer 0x63fd32412db0 (13 bytes)
1759103142.049383 sending message 112 to peer 0x63fd32412db0 (13 bytes)
1759103142.049385 sending message 112 to peer 0x63fd32412db0 (13 bytes)
1759103142.049387 sending message 112 to peer 0x63fd32412db0 (13 bytes)
1759103142.049389 sending message 112 to peer 0x63fd32412db0 (13 bytes)
1759103142.049390 sending message 112 to peer 0x63fd32412db0 (13 bytes)
1759103142.049392 sending message 112 to peer 0x63fd32412db0 (12 bytes)
1759103142.049394 sending message 112 to peer 0x63fd32412db0 (12 bytes)
1759103142.049399 sending message 112 to peer 0x63fd32412db0 (12 bytes)
1759103142.049401 sending message 112 to peer 0x63fd32412db0 (8 bytes)
1759103142.049403 sending message 112 to peer 0x63fd32412db0 (12 bytes)
1759103142.049405 sending message 112 to peer 0x63fd32412db0 (13 bytes)
1759103142.049407 sending message 112 to peer 0x63fd32412db0 (13 bytes)
1759103142.049408 sending message 112 to peer 0x63fd32412db0 (13 bytes)
1759103142.049410 sending message 112 to peer 0x63fd32412db0 (13 bytes)
1759103142.049412 sending message 112 to peer 0x63fd32412db0 (13 bytes)
1759103142.049413 sending message 112 to peer 0x63fd32412db0 (13 bytes)
1759103142.049415 sending message 112 to peer 0x63fd32412db0 (13 bytes)
1759103142.049417 sending message 112 to peer 0x63fd32412db0 (13 bytes)
1759103142.049419 sending message 112 to peer 0x63fd32412db0 (12 bytes)
1759103142.049420 sending message 112 to peer 0x63fd32412db0 (10 bytes)
1759103142.049422 sending message 112 to peer 0x63fd32412db0 (12 bytes)
1759103142.049424 sending message 112 to peer 0x63fd32412db0 (12 bytes)
1759103142.049426 sending message 112 to peer 0x63fd32412db0 (12 bytes)
1759103142.049427 sending message 112 to peer 0x63fd32412db0 (13 bytes)
1759103142.049429 sending message 112 to peer 0x63fd32412db0 (13 bytes)
1759103142.049431 sending message 112 to peer 0x63fd32412db0 (13 bytes)
1759103142.049432 sending message 112 to peer 0x63fd32412db0 (13 bytes)
1759103142.049434 sending message 112 to peer 0x63fd32412db0 (13 bytes)
1759103142.049436 sending message 112 to peer 0x63fd32412db0 (13 bytes)
1759103142.049438 sending message 112 to peer 0x63fd32412db0 (13 bytes)
1759103142.049439 sending message 112 to peer 0x63fd32412db0 (10 bytes)
1759103142.049441 sending message 112 to peer 0x63fd32412db0 (13 bytes)
1759103142.049443 sending message 112 to peer 0x63fd32412db0 (12 bytes)
1759103142.049444 sending message 112 to peer 0x63fd32412db0 (12 bytes)
1759103142.049446 sending message 112 to peer 0x63fd32412db0 (12 bytes)
1759103142.049448 sending message 112 to peer 0x63fd32412db0 (10 bytes)
1759103142.049450 sending message 112 to peer 0x63fd32412db0 (10 bytes)
1759103142.049451 sending message 112 to peer 0x63fd32412db0 (10 bytes)
1759103142.049453 sending message 112 to peer 0x63fd32412db0 (12 bytes)
1759103142.049455 sending message 112 to peer 0x63fd32412db0 (13 bytes)
1759103142.049457 sending message 112 to peer 0x63fd32412db0 (13 bytes)
1759103142.049458 sending message 112 to peer 0x63fd32412db0 (13 bytes)
1759103142.049460 sending message 112 to peer 0x63fd32412db0 (13 bytes)
1759103142.049462 sending message 112 to peer 0x63fd32412db0 (13 bytes)
1759103142.049463 sending message 112 to peer 0x63fd32412db0 (10 bytes)
1759103142.049465 sending message 112 to peer 0x63fd32412db0 (11 bytes)
1759103142.049467 sending message 112 to peer 0x63fd32412db0 (12 bytes)
1759103142.049469 sending message 112 to peer 0x63fd32412db0 (12 bytes)
1759103142.049470 sending message 112 to peer 0x63fd32412db0 (12 bytes)
1759103142.049472 sending message 112 to peer 0x63fd32412db0 (12 bytes)
1759103142.049474 sending message 112 to peer 0x63fd32412db0 (12 bytes)
1759103142.049476 sending message 112 to peer 0x63fd32412db0 (11 bytes)
1759103142.049477 sending message 112 to peer 0x63fd32412db0 (12 bytes)
1759103142.049479 sending message 112 to peer 0x63fd32412db0 (12 bytes)
1759103142.049481 sending message 112 to peer 0x63fd32412db0 (13 bytes)
1759103142.049482 sending message 112 to peer 0x63fd32412db0 (13 bytes)
1759103142.049484 sending message 112 to peer 0x63fd32412db0 (13 bytes)
1759103142.049486 sending message 112 to peer 0x63fd32412db0 (13 bytes)
1759103142.049488 sending message 112 to peer 0x63fd32412db0 (13 bytes)
1759103142.049489 sending message 112 to peer 0x63fd32412db0 (10 bytes)
1759103142.049491 sending message 112 to peer 0x63fd32412db0 (9 bytes)
1759103142.049493 sending message 112 to peer 0x63fd32412db0 (12 bytes)
1759103142.049494 sending message 112 to peer 0x63fd32412db0 (13 bytes)
1759103142.049496 sending message 112 to peer 0x63fd32412db0 (13 bytes)
1759103142.049502 sending message 112 to peer 0x63fd32412db0 (13 bytes)
1759103142.049503 sending message 112 to peer 0x63fd32412db0 (13 bytes)
1759103142.049505 sending message 112 to peer 0x63fd32412db0 (13 bytes)
1759103142.049507 sending message 112 to peer 0x63fd32412db0 (9 bytes)
1759103142.049509 sending message 112 to peer 0x63fd32412db0 (12 bytes)
1759103142.049510 sending message 112 to peer 0x63fd32412db0 (13 bytes)
1759103142.049512 sending message 112 to peer 0x63fd32412db0 (13 bytes)
1759103142.049514 sending message 112 to peer 0x63fd32412db0 (13 bytes)
1759103142.049516 sending message 112 to peer 0x63fd32412db0 (13 bytes)
1759103142.049517 sending message 112 to peer 0x63fd32412db0 (13 bytes)
1759103142.049519 sending message 112 to peer 0x63fd32412db0 (11 bytes)
1759103142.049521 sending message 112 to peer 0x63fd32412db0 (12 bytes)
1759103142.049523 sending message 112 to peer 0x63fd32412db0 (13 bytes)
1759103142.049524 sending message 112 to peer 0x63fd32412db0 (13 bytes)
1759103142.049526 sending message 112 to peer 0x63fd32412db0 (13 bytes)
1759103142.049528 sending message 112 to peer 0x63fd32412db0 (13 bytes)
1759103142.049529 sending message 112 to peer 0x63fd32412db0 (13 bytes)
1759103142.049531 sending message 112 to peer 0x63fd32412db0 (11 bytes)
1759103142.049533 sending message 112 to peer 0x63fd32412db0 (12 bytes)
1759103142.049535 sending message 112 to peer 0x63fd32412db0 (12 bytes)
1759103142.049537 sending message 112 to peer 0x63fd32412db0 (12 bytes)
1759103142.049538 sending message 112 to peer 0x63fd32412db0 (12 bytes)
1759103142.049540 sending message 112 to peer 0x63fd32412db0 (12 bytes)
1759103142.049542 sending message 112 to peer 0x63fd32412db0 (21 bytes)
1759103142.049543 sending message 112 to peer 0x63fd32412db0 (12 bytes)
1759103142.049545 sending message 112 to peer 0x63fd32412db0 (9 bytes)
1759103142.049547 sending message 112 to peer 0x63fd32412db0 (6 bytes)
1759103142.049549 sending message 112 to peer 0x63fd32412db0 (13 bytes)
1759103142.049551 sending message 112 to peer 0x63fd32412db0 (10 bytes)
1759103142.049552 sending message 112 to peer 0x63fd32412db0 (24 bytes)
1759103142.049554 sending message 112 to peer 0x63fd32412db0 (13 bytes)
1759103142.049556 sending message 112 to peer 0x63fd32412db0 (9 bytes)
1759103142.049558 sending message 112 to peer 0x63fd32412db0 (70 bytes)
1759103142.049560 sending message 112 to peer 0x63fd32412db0 (69 bytes)
1759103142.049561 sending message 112 to peer 0x63fd32412db0 (12 bytes)
1759103142.049563 sending message 112 to peer 0x63fd32412db0 (10 bytes)
1759103142.049565 sending message 112 to peer 0x63fd32412db0 (10 bytes)
1759103142.049567 sending message 112 to peer 0x63fd32412db0 (24 bytes)
1759103142.049568 sending message 112 to peer 0x63fd32412db0 (13 bytes)
1759103142.049570 sending message 112 to peer 0x63fd32412db0 (10 bytes)
1759103142.049572 sending message 112 to peer 0x63fd32412db0 (10 bytes)
1759103142.049574 sending message 112 to peer 0x63fd32412db0 (10 bytes)
1759103142.049576 sending message 112 to peer 0x63fd32412db0 (13 bytes)
1759103142.049578 sending message 112 to peer 0x63fd32412db0 (15 bytes)
1759103142.049579 sending message 112 to peer 0x63fd32412db0 (5 bytes)
1759103142.049582 sending message 104 to peer 0x63fd32412db0 (0 bytes)
1759103142.049584 sending message 110 to peer 0x63fd32412db0 (0 bytes)
1759103142.049586 sending message 107 to peer 0x63fd32412db0 (4 bytes)
1759103142.049588 sending message 105 to peer 0x63fd32412db0 (16 bytes)
1759103142.049590 sending message 105 to peer 0x63fd32412db0 (13 bytes)
1759103142.049591 sending message 105 to peer 0x63fd32412db0 (1134 bytes)
1759103142.049598 sending message 105 to peer 0x63fd32412db0 (20 bytes)
1759103142.049600 sending message 105 to peer 0x63fd32412db0 (32 bytes)
1759103142.049602 sending message 105 to peer 0x63fd32412db0 (11 bytes)
1759103142.049604 sending message 105 to peer 0x63fd32412db0 (26 bytes)
1759103142.049606 sending message 105 to peer 0x63fd32412db0 (40 bytes)
1759103142.049608 sending message 105 to peer 0x63fd32412db0 (24 bytes)
1759103142.049613 sending message 105 to peer 0x63fd32412db0 (33 bytes)
1759103142.049615 sending message 105 to peer 0x63fd32412db0 (48 bytes)
1759103142.049617 sending message 105 to peer 0x63fd32412db0 (53 bytes)
1759103142.049618 sending message 105 to peer 0x63fd32412db0 (35 bytes)
1759103142.049620 sending message 105 to peer 0x63fd32412db0 (14 bytes)
1759103142.049622 sending message 105 to peer 0x63fd32412db0 (23 bytes)
1759103142.049624 sending message 105 to peer 0x63fd32412db0 (20 bytes)
1759103142.049626 sending message 105 to peer 0x63fd32412db0 (14 bytes)
1759103142.049627 sending message 105 to peer 0x63fd32412db0 (17 bytes)
1759103142.049629 sending message 105 to peer 0x63fd32412db0 (19 bytes)
1759103142.049631 sending message 105 to peer 0x63fd32412db0 (54 bytes)
1759103142.049633 sending message 105 to peer 0x63fd32412db0 (8 bytes)
1759103142.049634 sending message 105 to peer 0x63fd32412db0 (32 bytes)
1759103142.049636 sending message 105 to peer 0x63fd32412db0 (30 bytes)
1759103142.049638 sending message 105 to peer 0x63fd32412db0 (12 bytes)
1759103142.049640 sending message 105 to peer 0x63fd32412db0 (20 bytes)
1759103142.049642 sending message 105 to peer 0x63fd32412db0 (47 bytes)
1759103142.049643 sending message 105 to peer 0x63fd32412db0 (42 bytes)
1759103142.049645 sending message 105 to peer 0x63fd32412db0 (16 bytes)
1759103142.049647 sending message 105 to peer 0x63fd32412db0 (10 bytes)
1759103142.049649 sending message 105 to peer 0x63fd32412db0 (24 bytes)
1759103142.049650 sending message 105 to peer 0x63fd32412db0 (28 bytes)
1759103142.049652 sending message 105 to peer 0x63fd32412db0 (16 bytes)
1759103142.049654 sending message 105 to peer 0x63fd32412db0 (16 bytes)
1759103142.049656 sending message 105 to peer 0x63fd32412db0 (16 bytes)
1759103142.049657 sending message 105 to peer 0x63fd32412db0 (54 bytes)
1759103142.049659 sending message 105 to peer 0x63fd32412db0 (63 bytes)
1759103142.049661 sending message 106 to peer 0x63fd32412db0 (0 bytes)
1759103142.049692 sending message 200 to peer 0x63fd32412db0 (4 bytes)
1759103142.049694 client loop enter
1759103142.049704 client_signal: Child exited
1759103142.129057 peer 0x63fd32412db0 message 207
1759103142.129069 sending message 208 to peer 0x63fd32412db0 (0 bytes)
1759103148.361802 peer 0x63fd32412db0 message 203
1759103148.361815 sending message 205 to peer 0x63fd32412db0 (0 bytes)
1759103148.362135 peer 0x63fd32412db0 message 204
1759103148.362144 client loop exit
